{"/mnt/workspace/workspace/decaf/decaf-ts/logging/src/Factory.ts": {"path":"/mnt/workspace/workspace/decaf/decaf-ts/logging/src/Factory.ts","statementMap":{"0":{"start":{"line":5,"column":34},"end":{"line":5,"column":49}},"1":{"start":{"line":4,"column":0},"end":{"line":4,"column":22}}},"fnMap":{"0":{"name":"(anonymous_0)","decl":{"start":{"line":5,"column":2},"end":{"line":5,"column":34}},"loc":{"start":{"line":5,"column":49},"end":{"line":5,"column":53}}}},"branchMap":{},"s":{"0":1,"1":1},"f":{"0":1},"b":{}}
,"/mnt/workspace/workspace/decaf/decaf-ts/logging/src/constants.ts": {"path":"/mnt/workspace/workspace/decaf/decaf-ts/logging/src/constants.ts","statementMap":{"0":{"start":{"line":1,"column":0},"end":{"line":1,"column":null}},"1":{"start":{"line":2,"column":2},"end":{"line":2,"column":null}},"2":{"start":{"line":3,"column":2},"end":{"line":3,"column":null}},"3":{"start":{"line":4,"column":2},"end":{"line":4,"column":null}},"4":{"start":{"line":5,"column":2},"end":{"line":5,"column":null}},"5":{"start":{"line":6,"column":2},"end":{"line":6,"column":null}},"6":{"start":{"line":7,"column":2},"end":{"line":7,"column":null}},"7":{"start":{"line":8,"column":2},"end":{"line":8,"column":null}},"8":{"start":{"line":9,"column":2},"end":{"line":9,"column":null}},"9":{"start":{"line":12,"column":13},"end":{"line":20,"column":2}}},"fnMap":{"0":{"name":"(anonymous_0)","decl":{"start":{"line":1,"column":0},"end":{"line":1,"column":12}},"loc":{"start":{"line":1,"column":20},"end":{"line":10,"column":1}}}},"branchMap":{"0":{"loc":{"start":{"line":1,"column":12},"end":{"line":1,"column":null}},"type":"binary-expr","locations":[{"start":{"line":1,"column":12},"end":{"line":1,"column":20}},{"start":{"line":1,"column":20},"end":{"line":1,"column":null}}]}},"s":{"0":1,"1":1,"2":1,"3":1,"4":1,"5":1,"6":1,"7":1,"8":1,"9":1},"f":{"0":1},"b":{"0":[1,1]}}
,"/mnt/workspace/workspace/decaf/decaf-ts/logging/src/default.ts": {"path":"/mnt/workspace/workspace/decaf/decaf-ts/logging/src/default.ts","statementMap":{"0":{"start":{"line":1,"column":0},"end":{"line":1,"column":42}},"1":{"start":{"line":2,"column":0},"end":{"line":2,"column":39}},"2":{"start":{"line":4,"column":0},"end":{"line":4,"column":37}},"3":{"start":{"line":8,"column":14},"end":{"line":8,"column":29}},"4":{"start":{"line":9,"column":14},"end":{"line":9,"column":28}},"5":{"start":{"line":10,"column":14},"end":{"line":10,"column":29}},"6":{"start":{"line":19,"column":4},"end":{"line":19,"column":59}},"7":{"start":{"line":19,"column":52},"end":{"line":19,"column":59}},"8":{"start":{"line":21,"column":29},"end":{"line":21,"column":39}},"9":{"start":{"line":24,"column":16},"end":{"line":24,"column":195}},"10":{"start":{"line":25,"column":4},"end":{"line":40,"column":5}},"11":{"start":{"line":28,"column":6},"end":{"line":28,"column":32}},"12":{"start":{"line":30,"column":6},"end":{"line":30,"column":31}},"13":{"start":{"line":32,"column":6},"end":{"line":32,"column":31}},"14":{"start":{"line":37,"column":6},"end":{"line":37,"column":32}},"15":{"start":{"line":39,"column":6},"end":{"line":39,"column":53}},"16":{"start":{"line":47,"column":4},"end":{"line":47,"column":60}},"17":{"start":{"line":55,"column":4},"end":{"line":55,"column":62}},"18":{"start":{"line":63,"column":4},"end":{"line":63,"column":60}},"19":{"start":{"line":70,"column":4},"end":{"line":70,"column":59}},"20":{"start":{"line":77,"column":4},"end":{"line":77,"column":59}},"21":{"start":{"line":84,"column":4},"end":{"line":84,"column":60}},"22":{"start":{"line":91,"column":4},"end":{"line":91,"column":60}},"23":{"start":{"line":95,"column":4},"end":{"line":95,"column":39}},"24":{"start":{"line":101,"column":4},"end":{"line":101,"column":17}},"25":{"start":{"line":105,"column":4},"end":{"line":105,"column":53}},"26":{"start":{"line":111,"column":4},"end":{"line":115,"column":6}},"27":{"start":{"line":119,"column":4},"end":{"line":119,"column":41}},"28":{"start":{"line":99,"column":0},"end":{"line":99,"column":13}}},"fnMap":{"0":{"name":"(anonymous_0)","decl":{"start":{"line":7,"column":2},"end":{"line":7,"column":null}},"loc":{"start":{"line":10,"column":29},"end":{"line":11,"column":6}}},"1":{"name":"(anonymous_1)","decl":{"start":{"line":13,"column":2},"end":{"line":13,"column":5}},"loc":{"start":{"line":17,"column":32},"end":{"line":41,"column":3}}},"2":{"name":"(anonymous_2)","decl":{"start":{"line":42,"column":2},"end":{"line":42,"column":7}},"loc":{"start":{"line":45,"column":32},"end":{"line":48,"column":3}}},"3":{"name":"(anonymous_3)","decl":{"start":{"line":50,"column":2},"end":{"line":50,"column":9}},"loc":{"start":{"line":53,"column":32},"end":{"line":56,"column":3}}},"4":{"name":"(anonymous_4)","decl":{"start":{"line":58,"column":2},"end":{"line":58,"column":7}},"loc":{"start":{"line":61,"column":32},"end":{"line":64,"column":3}}},"5":{"name":"(anonymous_5)","decl":{"start":{"line":65,"column":2},"end":{"line":65,"column":6}},"loc":{"start":{"line":68,"column":32},"end":{"line":71,"column":3}}},"6":{"name":"(anonymous_6)","decl":{"start":{"line":72,"column":2},"end":{"line":72,"column":6}},"loc":{"start":{"line":75,"column":32},"end":{"line":78,"column":3}}},"7":{"name":"(anonymous_7)","decl":{"start":{"line":79,"column":2},"end":{"line":79,"column":7}},"loc":{"start":{"line":82,"column":32},"end":{"line":85,"column":3}}},"8":{"name":"(anonymous_8)","decl":{"start":{"line":86,"column":2},"end":{"line":86,"column":7}},"loc":{"start":{"line":89,"column":32},"end":{"line":92,"column":3}}},"9":{"name":"(anonymous_9)","decl":{"start":{"line":94,"column":2},"end":{"line":94,"column":9}},"loc":{"start":{"line":94,"column":69},"end":{"line":96,"column":3}}},"10":{"name":"(anonymous_10)","decl":{"start":{"line":100,"column":2},"end":{"line":100,"column":14}},"loc":{"start":{"line":100,"column":29},"end":{"line":102,"column":3}}},"11":{"name":"(anonymous_11)","decl":{"start":{"line":104,"column":2},"end":{"line":104,"column":10}},"loc":{"start":{"line":104,"column":45},"end":{"line":106,"column":3}}},"12":{"name":"(anonymous_12)","decl":{"start":{"line":107,"column":2},"end":{"line":107,"column":11}},"loc":{"start":{"line":109,"column":46},"end":{"line":116,"column":3}}},"13":{"name":"(anonymous_13)","decl":{"start":{"line":118,"column":2},"end":{"line":118,"column":5}},"loc":{"start":{"line":118,"column":5},"end":{"line":120,"column":3}}}},"branchMap":{"0":{"loc":{"start":{"line":19,"column":4},"end":{"line":19,"column":59}},"type":"if","locations":[{"start":{"line":19,"column":4},"end":{"line":19,"column":59}}]},"1":{"loc":{"start":{"line":21,"column":29},"end":{"line":21,"column":39}},"type":"binary-expr","locations":[{"start":{"line":21,"column":29},"end":{"line":21,"column":33}},{"start":{"line":21,"column":37},"end":{"line":21,"column":39}}]},"2":{"loc":{"start":{"line":24,"column":19},"end":{"line":24,"column":48}},"type":"cond-expr","locations":[{"start":{"line":24,"column":29},"end":{"line":24,"column":43}},{"start":{"line":24,"column":46},"end":{"line":24,"column":48}}]},"3":{"loc":{"start":{"line":24,"column":51},"end":{"line":24,"column":72}},"type":"cond-expr","locations":[{"start":{"line":24,"column":57},"end":{"line":24,"column":67}},{"start":{"line":24,"column":70},"end":{"line":24,"column":72}}]},"4":{"loc":{"start":{"line":24,"column":75},"end":{"line":24,"column":104}},"type":"cond-expr","locations":[{"start":{"line":24,"column":85},"end":{"line":24,"column":99}},{"start":{"line":24,"column":102},"end":{"line":24,"column":104}}]},"5":{"loc":{"start":{"line":24,"column":107},"end":{"line":24,"column":142}},"type":"cond-expr","locations":[{"start":{"line":24,"column":120},"end":{"line":24,"column":137}},{"start":{"line":24,"column":140},"end":{"line":24,"column":142}}]},"6":{"loc":{"start":{"line":24,"column":145},"end":{"line":24,"column":182}},"type":"cond-expr","locations":[{"start":{"line":24,"column":159},"end":{"line":24,"column":177}},{"start":{"line":24,"column":180},"end":{"line":24,"column":182}}]},"7":{"loc":{"start":{"line":25,"column":4},"end":{"line":40,"column":5}},"type":"switch","locations":[{"start":{"line":26,"column":4},"end":{"line":26,"column":24}},{"start":{"line":27,"column":4},"end":{"line":28,"column":32}},{"start":{"line":29,"column":4},"end":{"line":30,"column":31}},{"start":{"line":31,"column":4},"end":{"line":32,"column":31}},{"start":{"line":33,"column":4},"end":{"line":33,"column":23}},{"start":{"line":34,"column":4},"end":{"line":34,"column":26}},{"start":{"line":35,"column":4},"end":{"line":35,"column":24}},{"start":{"line":36,"column":4},"end":{"line":37,"column":32}},{"start":{"line":38,"column":4},"end":{"line":39,"column":53}}]},"8":{"loc":{"start":{"line":114,"column":6},"end":{"line":114,"column":55}},"type":"cond-expr","locations":[{"start":{"line":114,"column":35},"end":{"line":114,"column":41}},{"start":{"line":114,"column":44},"end":{"line":114,"column":55}}]}},"s":{"0":1,"1":1,"2":1,"3":3,"4":3,"5":3,"6":2,"7":0,"8":2,"9":2,"10":2,"11":0,"12":0,"13":2,"14":0,"15":0,"16":0,"17":0,"18":0,"19":2,"20":0,"21":0,"22":0,"23":0,"24":1,"25":1,"26":1,"27":1,"28":1},"f":{"0":3,"1":2,"2":0,"3":0,"4":0,"5":2,"6":0,"7":0,"8":0,"9":0,"10":1,"11":1,"12":1,"13":1},"b":{"0":[0],"1":[2,2],"2":[0,2],"3":[0,2],"4":[0,2],"5":[2,0],"6":[1,1],"7":[0,0,0,2,0,0,0,0,0],"8":[0,1]}}
,"/mnt/workspace/workspace/decaf/decaf-ts/logging/src/index.ts": {"path":"/mnt/workspace/workspace/decaf/decaf-ts/logging/src/index.ts","statementMap":{"0":{"start":{"line":1,"column":0},"end":{"line":1,"column":28}},"1":{"start":{"line":2,"column":0},"end":{"line":2,"column":26}},"2":{"start":{"line":3,"column":0},"end":{"line":3,"column":26}},"3":{"start":{"line":4,"column":0},"end":{"line":4,"column":29}},"4":{"start":{"line":5,"column":0},"end":{"line":5,"column":26}},"5":{"start":{"line":6,"column":0},"end":{"line":6,"column":24}},"6":{"start":{"line":27,"column":13},"end":{"line":27,"column":37}}},"fnMap":{},"branchMap":{},"s":{"0":0,"1":0,"2":0,"3":0,"4":0,"5":0,"6":0},"f":{},"b":{}}
,"/mnt/workspace/workspace/decaf/decaf-ts/logging/src/logging.ts": {"path":"/mnt/workspace/workspace/decaf/decaf-ts/logging/src/logging.ts","statementMap":{"0":{"start":{"line":3,"column":0},"end":{"line":3,"column":39}},"1":{"start":{"line":4,"column":0},"end":{"line":4,"column":49}},"2":{"start":{"line":7,"column":17},"end":{"line":7,"column":50}},"3":{"start":{"line":8,"column":17},"end":{"line":9,"column":25}},"4":{"start":{"line":12,"column":17},"end":{"line":12,"column":59}},"5":{"start":{"line":13,"column":17},"end":{"line":14,"column":7}},"6":{"start":{"line":20,"column":4},"end":{"line":20,"column":23}},"7":{"start":{"line":24,"column":4},"end":{"line":24,"column":24}},"8":{"start":{"line":28,"column":4},"end":{"line":28,"column":75}},"9":{"start":{"line":28,"column":25},"end":{"line":28,"column":75}},"10":{"start":{"line":29,"column":4},"end":{"line":29,"column":26}},"11":{"start":{"line":33,"column":4},"end":{"line":33,"column":28}},"12":{"start":{"line":37,"column":17},"end":{"line":37,"column":27}},"13":{"start":{"line":38,"column":4},"end":{"line":39,"column":65}},"14":{"start":{"line":39,"column":6},"end":{"line":39,"column":65}},"15":{"start":{"line":40,"column":4},"end":{"line":40,"column":35}},"16":{"start":{"line":47,"column":17},"end":{"line":47,"column":27}},"17":{"start":{"line":48,"column":4},"end":{"line":48,"column":79}},"18":{"start":{"line":48,"column":44},"end":{"line":48,"column":79}},"19":{"start":{"line":49,"column":23},"end":{"line":49,"column":72}},"20":{"start":{"line":50,"column":4},"end":{"line":54,"column":8}},"21":{"start":{"line":51,"column":6},"end":{"line":54,"column":8}},"22":{"start":{"line":55,"column":4},"end":{"line":55,"column":53}},"23":{"start":{"line":59,"column":4},"end":{"line":59,"column":59}},"24":{"start":{"line":59,"column":22},"end":{"line":59,"column":59}},"25":{"start":{"line":60,"column":4},"end":{"line":60,"column":23}},"26":{"start":{"line":6,"column":0},"end":{"line":6,"column":13}}},"fnMap":{"0":{"name":"(anonymous_0)","decl":{"start":{"line":17,"column":2},"end":{"line":17,"column":25}},"loc":{"start":{"line":17,"column":2},"end":{"line":17,"column":26}}},"1":{"name":"(anonymous_1)","decl":{"start":{"line":19,"column":2},"end":{"line":19,"column":8}},"loc":{"start":{"line":19,"column":18},"end":{"line":21,"column":3}}},"2":{"name":"(anonymous_2)","decl":{"start":{"line":23,"column":2},"end":{"line":23,"column":8}},"loc":{"start":{"line":23,"column":34},"end":{"line":25,"column":3}}},"3":{"name":"(anonymous_3)","decl":{"start":{"line":27,"column":12},"end":{"line":27,"column":18}},"loc":{"start":{"line":27,"column":31},"end":{"line":30,"column":3}}},"4":{"name":"(anonymous_4)","decl":{"start":{"line":32,"column":2},"end":{"line":32,"column":8}},"loc":{"start":{"line":32,"column":70},"end":{"line":34,"column":3}}},"5":{"name":"(anonymous_5)","decl":{"start":{"line":36,"column":2},"end":{"line":36,"column":8}},"loc":{"start":{"line":36,"column":54},"end":{"line":41,"column":3}}},"6":{"name":"(anonymous_6)","decl":{"start":{"line":43,"column":2},"end":{"line":43,"column":8}},"loc":{"start":{"line":45,"column":46},"end":{"line":56,"column":3}}},"7":{"name":"(anonymous_7)","decl":{"start":{"line":58,"column":2},"end":{"line":58,"column":8}},"loc":{"start":{"line":58,"column":12},"end":{"line":61,"column":3}}}},"branchMap":{"0":{"loc":{"start":{"line":28,"column":4},"end":{"line":28,"column":75}},"type":"if","locations":[{"start":{"line":28,"column":4},"end":{"line":28,"column":75}}]},"1":{"loc":{"start":{"line":38,"column":4},"end":{"line":39,"column":65}},"type":"if","locations":[{"start":{"line":38,"column":4},"end":{"line":39,"column":65}}]},"2":{"loc":{"start":{"line":48,"column":4},"end":{"line":48,"column":79}},"type":"if","locations":[{"start":{"line":48,"column":4},"end":{"line":48,"column":79}}]},"3":{"loc":{"start":{"line":49,"column":23},"end":{"line":49,"column":72}},"type":"cond-expr","locations":[{"start":{"line":49,"column":52},"end":{"line":49,"column":58}},{"start":{"line":49,"column":61},"end":{"line":49,"column":72}}]},"4":{"loc":{"start":{"line":50,"column":4},"end":{"line":54,"column":8}},"type":"if","locations":[{"start":{"line":50,"column":4},"end":{"line":54,"column":8}}]},"5":{"loc":{"start":{"line":59,"column":4},"end":{"line":59,"column":59}},"type":"if","locations":[{"start":{"line":59,"column":4},"end":{"line":59,"column":59}}]}},"s":{"0":1,"1":1,"2":1,"3":1,"4":1,"5":1,"6":1,"7":0,"8":3,"9":1,"10":3,"11":0,"12":1,"13":1,"14":1,"15":1,"16":1,"17":1,"18":1,"19":1,"20":1,"21":1,"22":1,"23":1,"24":1,"25":1,"26":1},"f":{"0":0,"1":1,"2":0,"3":3,"4":0,"5":1,"6":1,"7":1},"b":{"0":[1],"1":[1],"2":[1],"3":[0,1],"4":[1],"5":[1]}}
,"/mnt/workspace/workspace/decaf/decaf-ts/logging/src/utils.ts": {"path":"/mnt/workspace/workspace/decaf/decaf-ts/logging/src/utils.ts","statementMap":{"0":{"start":{"line":3,"column":0},"end":{"line":3,"column":16}},"1":{"start":{"line":1,"column":0},"end":{"line":1,"column":57}},"2":{"start":{"line":4,"column":2},"end":{"line":6,"column":3}},"3":{"start":{"line":5,"column":4},"end":{"line":5,"column":71}},"4":{"start":{"line":7,"column":2},"end":{"line":7,"column":56}}},"fnMap":{"0":{"name":"toLogLevel","decl":{"start":{"line":3,"column":16},"end":{"line":3,"column":26}},"loc":{"start":{"line":3,"column":42},"end":{"line":8,"column":1}}}},"branchMap":{"0":{"loc":{"start":{"line":4,"column":2},"end":{"line":6,"column":3}},"type":"if","locations":[{"start":{"line":4,"column":2},"end":{"line":6,"column":3}}]}},"s":{"0":1,"1":1,"2":4,"3":4,"4":0},"f":{"0":4},"b":{"0":[4]}}
,"/mnt/workspace/workspace/decaf/decaf-ts/logging/src/winston.ts": {"path":"/mnt/workspace/workspace/decaf/decaf-ts/logging/src/winston.ts","statementMap":{"0":{"start":{"line":1,"column":0},"end":{"line":1,"column":42}},"1":{"start":{"line":3,"column":0},"end":{"line":3,"column":35}},"2":{"start":{"line":9,"column":4},"end":{"line":9,"column":17}},"3":{"start":{"line":13,"column":34},"end":{"line":25,"column":6}},"4":{"start":{"line":27,"column":4},"end":{"line":32,"column":5}},"5":{"start":{"line":28,"column":6},"end":{"line":28,"column":16}},"6":{"start":{"line":29,"column":6},"end":{"line":29,"column":41}},"7":{"start":{"line":29,"column":17},"end":{"line":29,"column":41}},"8":{"start":{"line":30,"column":6},"end":{"line":30,"column":42}},"9":{"start":{"line":30,"column":18},"end":{"line":30,"column":42}},"10":{"start":{"line":31,"column":6},"end":{"line":31,"column":32}},"11":{"start":{"line":33,"column":4},"end":{"line":33,"column":40}},"12":{"start":{"line":37,"column":4},"end":{"line":37,"column":49}},"13":{"start":{"line":43,"column":4},"end":{"line":47,"column":6}},"14":{"start":{"line":50,"column":4},"end":{"line":50,"column":37}},"15":{"start":{"line":7,"column":0},"end":{"line":7,"column":13}}},"fnMap":{"0":{"name":"(anonymous_0)","decl":{"start":{"line":8,"column":2},"end":{"line":8,"column":14}},"loc":{"start":{"line":8,"column":29},"end":{"line":10,"column":3}}},"1":{"name":"(anonymous_1)","decl":{"start":{"line":12,"column":12},"end":{"line":12,"column":20}},"loc":{"start":{"line":12,"column":67},"end":{"line":34,"column":3}}},"2":{"name":"(anonymous_2)","decl":{"start":{"line":36,"column":2},"end":{"line":36,"column":10}},"loc":{"start":{"line":36,"column":47},"end":{"line":38,"column":3}}},"3":{"name":"(anonymous_3)","decl":{"start":{"line":39,"column":2},"end":{"line":39,"column":11}},"loc":{"start":{"line":41,"column":46},"end":{"line":48,"column":3}}},"4":{"name":"(anonymous_4)","decl":{"start":{"line":49,"column":2},"end":{"line":49,"column":5}},"loc":{"start":{"line":49,"column":5},"end":{"line":51,"column":3}}}},"branchMap":{"0":{"loc":{"start":{"line":27,"column":4},"end":{"line":32,"column":5}},"type":"if","locations":[{"start":{"line":27,"column":4},"end":{"line":32,"column":5}}]},"1":{"loc":{"start":{"line":27,"column":8},"end":{"line":27,"column":23}},"type":"binary-expr","locations":[{"start":{"line":27,"column":8},"end":{"line":27,"column":13}},{"start":{"line":27,"column":17},"end":{"line":27,"column":23}}]},"2":{"loc":{"start":{"line":29,"column":6},"end":{"line":29,"column":41}},"type":"if","locations":[{"start":{"line":29,"column":6},"end":{"line":29,"column":41}}]},"3":{"loc":{"start":{"line":30,"column":6},"end":{"line":30,"column":42}},"type":"if","locations":[{"start":{"line":30,"column":6},"end":{"line":30,"column":42}}]},"4":{"loc":{"start":{"line":46,"column":6},"end":{"line":46,"column":55}},"type":"cond-expr","locations":[{"start":{"line":46,"column":35},"end":{"line":46,"column":41}},{"start":{"line":46,"column":44},"end":{"line":46,"column":55}}]}},"s":{"0":0,"1":0,"2":0,"3":0,"4":0,"5":0,"6":0,"7":0,"8":0,"9":0,"10":0,"11":0,"12":0,"13":0,"14":0,"15":0},"f":{"0":0,"1":0,"2":0,"3":0,"4":0},"b":{"0":[0],"1":[0,0],"2":[0],"3":[0],"4":[0,0]}}
}
