TN:
SF:src/Factory.ts
FN:5,(anonymous_0)
FNF:1
FNH:1
FNDA:1,(anonymous_0)
DA:4,1
DA:5,1
LF:2
LH:2
BRF:0
BRH:0
end_of_record
TN:
SF:src/constants.ts
FN:1,(anonymous_0)
FNF:1
FNH:1
FNDA:1,(anonymous_0)
DA:1,1
DA:2,1
DA:3,1
DA:4,1
DA:5,1
DA:6,1
DA:7,1
DA:8,1
DA:9,1
DA:12,1
LF:10
LH:10
BRDA:1,0,0,1
BRDA:1,0,1,1
BRF:2
BRH:2
end_of_record
TN:
SF:src/default.ts
FN:7,(anonymous_0)
FN:13,(anonymous_1)
FN:42,(anonymous_2)
FN:50,(anonymous_3)
FN:58,(anonymous_4)
FN:65,(anonymous_5)
FN:72,(anonymous_6)
FN:79,(anonymous_7)
FN:86,(anonymous_8)
FN:94,(anonymous_9)
FN:100,(anonymous_10)
FN:104,(anonymous_11)
FN:107,(anonymous_12)
FN:118,(anonymous_13)
FNF:14
FNH:7
FNDA:3,(anonymous_0)
FNDA:2,(anonymous_1)
FNDA:0,(anonymous_2)
FNDA:0,(anonymous_3)
FNDA:0,(anonymous_4)
FNDA:2,(anonymous_5)
FNDA:0,(anonymous_6)
FNDA:0,(anonymous_7)
FNDA:0,(anonymous_8)
FNDA:0,(anonymous_9)
FNDA:1,(anonymous_10)
FNDA:1,(anonymous_11)
FNDA:1,(anonymous_12)
FNDA:1,(anonymous_13)
DA:1,1
DA:2,1
DA:4,1
DA:8,3
DA:9,3
DA:10,3
DA:19,2
DA:21,2
DA:24,2
DA:25,2
DA:28,0
DA:30,0
DA:32,2
DA:37,0
DA:39,0
DA:47,0
DA:55,0
DA:63,0
DA:70,2
DA:77,0
DA:84,0
DA:91,0
DA:95,0
DA:99,1
DA:101,1
DA:105,1
DA:111,1
DA:119,1
LF:28
LH:17
BRDA:19,0,0,0
BRDA:21,1,0,2
BRDA:21,1,1,2
BRDA:24,2,0,0
BRDA:24,2,1,2
BRDA:24,3,0,0
BRDA:24,3,1,2
BRDA:24,4,0,0
BRDA:24,4,1,2
BRDA:24,5,0,2
BRDA:24,5,1,0
BRDA:24,6,0,1
BRDA:24,6,1,1
BRDA:25,7,0,0
BRDA:25,7,1,0
BRDA:25,7,2,0
BRDA:25,7,3,2
BRDA:25,7,4,0
BRDA:25,7,5,0
BRDA:25,7,6,0
BRDA:25,7,7,0
BRDA:25,7,8,0
BRDA:114,8,0,0
BRDA:114,8,1,1
BRF:24
BRH:10
end_of_record
TN:
SF:src/index.ts
FNF:0
FNH:0
DA:1,0
DA:2,0
DA:3,0
DA:4,0
DA:5,0
DA:6,0
DA:27,0
LF:7
LH:0
BRF:0
BRH:0
end_of_record
TN:
SF:src/logging.ts
FN:17,(anonymous_0)
FN:19,(anonymous_1)
FN:23,(anonymous_2)
FN:27,(anonymous_3)
FN:32,(anonymous_4)
FN:36,(anonymous_5)
FN:43,(anonymous_6)
FN:58,(anonymous_7)
FNF:8
FNH:5
FNDA:0,(anonymous_0)
FNDA:1,(anonymous_1)
FNDA:0,(anonymous_2)
FNDA:3,(anonymous_3)
FNDA:0,(anonymous_4)
FNDA:1,(anonymous_5)
FNDA:1,(anonymous_6)
FNDA:1,(anonymous_7)
DA:3,1
DA:4,1
DA:6,1
DA:7,1
DA:8,1
DA:12,1
DA:13,1
DA:20,1
DA:24,0
DA:28,3
DA:29,3
DA:33,0
DA:37,1
DA:38,1
DA:39,1
DA:40,1
DA:47,1
DA:48,1
DA:49,1
DA:50,1
DA:51,1
DA:55,1
DA:59,1
DA:60,1
LF:24
LH:22
BRDA:28,0,0,1
BRDA:38,1,0,1
BRDA:48,2,0,1
BRDA:49,3,0,0
BRDA:49,3,1,1
BRDA:50,4,0,1
BRDA:59,5,0,1
BRF:7
BRH:6
end_of_record
TN:
SF:src/utils.ts
FN:3,toLogLevel
FNF:1
FNH:1
FNDA:4,toLogLevel
DA:1,1
DA:3,1
DA:4,4
DA:5,4
DA:7,0
LF:5
LH:4
BRDA:4,0,0,4
BRF:1
BRH:1
end_of_record
TN:
SF:src/winston.ts
FN:8,(anonymous_0)
FN:12,(anonymous_1)
FN:36,(anonymous_2)
FN:39,(anonymous_3)
FN:49,(anonymous_4)
FNF:5
FNH:0
FNDA:0,(anonymous_0)
FNDA:0,(anonymous_1)
FNDA:0,(anonymous_2)
FNDA:0,(anonymous_3)
FNDA:0,(anonymous_4)
DA:1,0
DA:3,0
DA:7,0
DA:9,0
DA:13,0
DA:27,0
DA:28,0
DA:29,0
DA:30,0
DA:31,0
DA:33,0
DA:37,0
DA:43,0
DA:50,0
LF:14
LH:0
BRDA:27,0,0,0
BRDA:27,1,0,0
BRDA:27,1,1,0
BRDA:29,2,0,0
BRDA:30,3,0,0
BRDA:46,4,0,0
BRDA:46,4,1,0
BRF:7
BRH:0
end_of_record
